<?xml version="1.0" encoding="UTF-8"?>
<!-- Generated by org.testng.reporters.JUnitXMLReporter -->
<testsuite ignored="5" hostname="LAPTOP-TGN9GU3D" failures="0" tests="1" name="Default test(failed)" time="4.341" errors="0" timestamp="2023-01-10T15:13:01 IST">
  <testcase classname="TestCases.LoginPageTest" name="verifyTitleTest" time="0.042"/>
  <testcase classname="TestCases.LoginPageTest" name="verifyLoginToAppTest" time="0.0">
    <ignored/>
  </testcase> <!-- verifyLoginToAppTest -->
  <testcase classname="TestCases.LoginPageTest" name="verifyInventryPageLabelTest" time="0.0">
    <ignored/>
  </testcase> <!-- verifyInventryPageLabelTest -->
  <testcase classname="TestCases.LoginPageTest" name="verifyBotLogoTest" time="0.0">
    <ignored/>
  </testcase> <!-- verifyBotLogoTest -->
  <testcase classname="TestCases.LoginPageTest" name="verifyLoginLogoTest" time="0.0">
    <ignored/>
  </testcase> <!-- verifyLoginLogoTest -->
  <testcase classname="TestCases.LoginPageTest" name="verifyCurrentUrlTest" time="0.0">
    <ignored/>
  </testcase> <!-- verifyCurrentUrlTest -->
</testsuite> <!-- Default test(failed) -->
