<?xml version="1.0" encoding="UTF-8"?>
<!-- Generated by org.testng.reporters.JUnitXMLReporter -->
<testsuite ignored="2" hostname="LAPTOP-TGN9GU3D" failures="0" tests="4" name="Default test" time="48.135" errors="0" timestamp="2023-01-10T15:17:56 IST">
  <testcase classname="TestCases.GroupTest" name="verifyBotLogoTest" time="0.083"/>
  <testcase classname="TestCases.GroupTest" name="verifyTitleTest" time="0.009"/>
  <testcase classname="TestCases.GroupTest" name="verifyCurrentUrlTest" time="0.013"/>
  <testcase classname="TestCases.GroupTest" name="verifyLoginLogoTest" time="0.054"/>
  <testcase classname="TestCases.GroupTest" name="verifyInventryPageLabelTest" time="0.0">
    <ignored/>
  </testcase> <!-- verifyInventryPageLabelTest -->
  <testcase classname="TestCases.GroupTest" name="verifyLoginToAppTest" time="0.0">
    <ignored/>
  </testcase> <!-- verifyLoginToAppTest -->
</testsuite> <!-- Default test -->
